INFO Thread-1 org.springframework.jdbc.datasource.DriverManagerDataSource - Loaded JDBC driver: com.mysql.jdbc.Driver
INFO Thread-1 org.springframework.orm.hibernate3.annotation.AnnotationSessionFactoryBean - Building new Hibernate SessionFactory
INFO Thread-1 org.apache.velocity.app.VelocityEngine - LogSystem has been deprecated. Please use a LogChute implementation.
INFO Thread-1 org.springframework.orm.hibernate3.HibernateTransactionManager - Using DataSource [org.springframework.jdbc.datasource.DriverManagerDataSource@1104da7] of Hibernate SessionFactory for HibernateTransactionManager
INFO Thread-1 org.springframework.web.context.ContextLoader - Root WebApplicationContext: initialization completed in 15392 ms
INFO Shutdown org.springframework.web.context.support.XmlWebApplicationContext - Closing org.springframework.web.context.support.XmlWebApplicationContext@366573: display name [Root WebApplicationContext]; startup date [Wed Jun 08 17:17:43 EDT 2011]; root of context hierarchy
INFO Shutdown org.springframework.beans.factory.support.DefaultListableBeanFactory - Destroying singletons in org.springframework.beans.factory.support.DefaultListableBeanFactory@1c85444: defining beans [org.springframework.context.annotation.internalPersistenceAnnotationProcessor,org.springframework.context.annotation.internalCommonAnnotationProcessor,org.springframework.context.annotation.internalAutowiredAnnotationProcessor,org.springframework.context.annotation.internalRequiredAnnotationProcessor,authorizationAspect,exceptionAspect,chooseCaseBusinessImpl,chooseProjectBusinessImpl,exportBusinessImpl,logInBusinessImpl,manageProjectBusinessImpl,manageSiteBusinessImpl,stepBusinessImpl,uploadRequirementsBusinessImpl,agreeOnDefinitionsBusinessImpl,categorizeRequirementsBusinessImpl,collectArtifactsBusinessImpl,elicitationTechniqueBusinessImpl,elicitRequirementsBusinessImpl,identifyGoalsAssetsBusinessImpl,inspectionTechniqueBusinessImpl,prioritizeRequirementBusinessImpl,reviewOfRequirementsByAcquisitionBusinessImpl,riskAssessmentBusinessImpl,hbnArtifactDao,hbnAsquareCaseDao,hbnAssetDao,hbnCategoryDao,hbnGoalDao,hbnInspectionTechniqueDao,hbnProjectDao,hbnProjectStepDao,hbnRequirementDao,hbnRiskDao,hbnRoleDao,hbnStepDao,hbnTechniqueDao,hbnTechniqueEvaluationCriteriaDao,hbnTechniqueEvaluationDao,hbnTermDao,hbnUserAhpDao,hbnUserDao,hbnUserProjectRoleDao,appPropertiesServiceImpl,chooseCaseServiceImpl,chooseProjectServiceImpl,LogInService,manageProjectServiceImpl,manageSiteServiceImpl,stepServiceImpl,agreeOnDefinitionsServiceImpl,categorizeRequirementsServiceImpl,collectArtifactsServiceImpl,elicitationTechniqueServiceImpl,elicitRequirementServiceImpl,identifyGoalsAssetsServiceImpl,inspectionTechniqueServiceImpl,prioritizeRequirementsServiceImpl,reviewOfRequirementsByAcquisitionServiceImpl,riskAssessmentServiceImpl,xmlExportServlet,org.springframework.aop.config.internalAutoProxyCreator,org.springframework.transaction.annotation.AnnotationTransactionAttributeSource#0,org.springframework.transaction.interceptor.TransactionInterceptor#0,org.springframework.transaction.config.internalTransactionAdvisor,transactionManager,sessionFactory,mailSender,resetPasswordTemplateEmail,userCreatedMessage,velocityEngine,org.springframework.beans.factory.config.PropertyPlaceholderConfigurer#0,dataSource]; root of factory hierarchy
INFO Shutdown org.springframework.orm.hibernate3.annotation.AnnotationSessionFactoryBean - Closing Hibernate SessionFactory
INFO Thread-1 org.springframework.web.context.ContextLoader - Root WebApplicationContext: initialization started
INFO Thread-1 org.springframework.web.context.support.XmlWebApplicationContext - Refreshing org.springframework.web.context.support.XmlWebApplicationContext@1a7f9dc: display name [Root WebApplicationContext]; startup date [Wed Jun 08 17:34:12 EDT 2011]; root of context hierarchy
INFO Thread-1 org.springframework.beans.factory.xml.XmlBeanDefinitionReader - Loading XML bean definitions from file [/Users/kalluskydominik/test/war/WEB-INF/classes/applicationContext-hibernate.xml]
INFO Thread-1 org.springframework.beans.factory.xml.XmlBeanDefinitionReader - Loading XML bean definitions from file [/Users/kalluskydominik/test/war/WEB-INF/classes/applicationContext-jdbc.xml]
INFO Thread-1 org.springframework.web.context.support.XmlWebApplicationContext - Bean factory for application context [org.springframework.web.context.support.XmlWebApplicationContext@1a7f9dc]: org.springframework.beans.factory.support.DefaultListableBeanFactory@e8a0cd
INFO Thread-1 org.springframework.beans.factory.config.PropertyPlaceholderConfigurer - Loading properties file from class path resource [square.properties]
INFO Thread-1 org.springframework.beans.factory.support.DefaultListableBeanFactory - Pre-instantiating singletons in org.springframework.beans.factory.support.DefaultListableBeanFactory@e8a0cd: defining beans [org.springframework.context.annotation.internalPersistenceAnnotationProcessor,org.springframework.context.annotation.internalCommonAnnotationProcessor,org.springframework.context.annotation.internalAutowiredAnnotationProcessor,org.springframework.context.annotation.internalRequiredAnnotationProcessor,authorizationAspect,exceptionAspect,chooseCaseBusinessImpl,chooseProjectBusinessImpl,exportBusinessImpl,logInBusinessImpl,manageProjectBusinessImpl,manageSiteBusinessImpl,stepBusinessImpl,uploadRequirementsBusinessImpl,agreeOnDefinitionsBusinessImpl,categorizeRequirementsBusinessImpl,collectArtifactsBusinessImpl,elicitationTechniqueBusinessImpl,elicitRequirementsBusinessImpl,identifyGoalsAssetsBusinessImpl,inspectionTechniqueBusinessImpl,prioritizeRequirementBusinessImpl,reviewOfRequirementsByAcquisitionBusinessImpl,riskAssessmentBusinessImpl,hbnArtifactDao,hbnAsquareCaseDao,hbnAssetDao,hbnCategoryDao,hbnGoalDao,hbnInspectionTechniqueDao,hbnProjectDao,hbnProjectStepDao,hbnRequirementDao,hbnRiskDao,hbnRoleDao,hbnStepDao,hbnTechniqueDao,hbnTechniqueEvaluationCriteriaDao,hbnTechniqueEvaluationDao,hbnTermDao,hbnUserAhpDao,hbnUserDao,hbnUserProjectRoleDao,appPropertiesServiceImpl,chooseCaseServiceImpl,chooseProjectServiceImpl,LogInService,manageProjectServiceImpl,manageSiteServiceImpl,stepServiceImpl,agreeOnDefinitionsServiceImpl,categorizeRequirementsServiceImpl,collectArtifactsServiceImpl,elicitationTechniqueServiceImpl,elicitRequirementServiceImpl,identifyGoalsAssetsServiceImpl,inspectionTechniqueServiceImpl,prioritizeRequirementsServiceImpl,reviewOfRequirementsByAcquisitionServiceImpl,riskAssessmentServiceImpl,xmlExportServlet,org.springframework.aop.config.internalAutoProxyCreator,org.springframework.transaction.annotation.AnnotationTransactionAttributeSource#0,org.springframework.transaction.interceptor.TransactionInterceptor#0,org.springframework.transaction.config.internalTransactionAdvisor,transactionManager,sessionFactory,mailSender,resetPasswordTemplateEmail,userCreatedMessage,velocityEngine,org.springframework.beans.factory.config.PropertyPlaceholderConfigurer#0,dataSource]; root of factory hierarchy
INFO Thread-1 org.springframework.jdbc.datasource.DriverManagerDataSource - Loaded JDBC driver: com.mysql.jdbc.Driver
INFO Thread-1 org.springframework.orm.hibernate3.annotation.AnnotationSessionFactoryBean - Building new Hibernate SessionFactory
INFO Thread-1 org.apache.velocity.app.VelocityEngine - LogSystem has been deprecated. Please use a LogChute implementation.
INFO Thread-1 org.springframework.orm.hibernate3.HibernateTransactionManager - Using DataSource [org.springframework.jdbc.datasource.DriverManagerDataSource@552379] of Hibernate SessionFactory for HibernateTransactionManager
INFO Thread-1 org.springframework.web.context.ContextLoader - Root WebApplicationContext: initialization completed in 23637 ms
INFO Shutdown org.springframework.web.context.support.XmlWebApplicationContext - Closing org.springframework.web.context.support.XmlWebApplicationContext@121df2a: display name [Root WebApplicationContext]; startup date [Wed Jun 08 17:30:48 EDT 2011]; root of context hierarchy
INFO Shutdown org.springframework.beans.factory.support.DefaultListableBeanFactory - Destroying singletons in org.springframework.beans.factory.support.DefaultListableBeanFactory@f63055: defining beans [org.springframework.context.annotation.internalPersistenceAnnotationProcessor,org.springframework.context.annotation.internalCommonAnnotationProcessor,org.springframework.context.annotation.internalAutowiredAnnotationProcessor,org.springframework.context.annotation.internalRequiredAnnotationProcessor,authorizationAspect,exceptionAspect,chooseCaseBusinessImpl,chooseProjectBusinessImpl,exportBusinessImpl,logInBusinessImpl,manageProjectBusinessImpl,manageSiteBusinessImpl,stepBusinessImpl,uploadRequirementsBusinessImpl,agreeOnDefinitionsBusinessImpl,categorizeRequirementsBusinessImpl,collectArtifactsBusinessImpl,elicitationTechniqueBusinessImpl,elicitRequirementsBusinessImpl,identifyGoalsAssetsBusinessImpl,inspectionTechniqueBusinessImpl,prioritizeRequirementBusinessImpl,reviewOfRequirementsByAcquisitionBusinessImpl,riskAssessmentBusinessImpl,hbnArtifactDao,hbnAsquareCaseDao,hbnAssetDao,hbnCategoryDao,hbnGoalDao,hbnInspectionTechniqueDao,hbnProjectDao,hbnProjectStepDao,hbnRequirementDao,hbnRiskDao,hbnRoleDao,hbnStepDao,hbnTechniqueDao,hbnTechniqueEvaluationCriteriaDao,hbnTechniqueEvaluationDao,hbnTermDao,hbnUserAhpDao,hbnUserDao,hbnUserProjectRoleDao,appPropertiesServiceImpl,chooseCaseServiceImpl,chooseProjectServiceImpl,LogInService,manageProjectServiceImpl,manageSiteServiceImpl,stepServiceImpl,agreeOnDefinitionsServiceImpl,categorizeRequirementsServiceImpl,collectArtifactsServiceImpl,elicitationTechniqueServiceImpl,elicitRequirementServiceImpl,identifyGoalsAssetsServiceImpl,inspectionTechniqueServiceImpl,prioritizeRequirementsServiceImpl,reviewOfRequirementsByAcquisitionServiceImpl,riskAssessmentServiceImpl,xmlExportServlet,org.springframework.aop.config.internalAutoProxyCreator,org.springframework.transaction.annotation.AnnotationTransactionAttributeSource#0,org.springframework.transaction.interceptor.TransactionInterceptor#0,org.springframework.transaction.config.internalTransactionAdvisor,transactionManager,sessionFactory,mailSender,resetPasswordTemplateEmail,userCreatedMessage,velocityEngine,org.springframework.beans.factory.config.PropertyPlaceholderConfigurer#0,dataSource]; root of factory hierarchy
INFO Shutdown org.springframework.orm.hibernate3.annotation.AnnotationSessionFactoryBean - Closing Hibernate SessionFactory
INFO Thread-1 org.springframework.web.context.ContextLoader - Root WebApplicationContext: initialization started
INFO Thread-1 org.springframework.web.context.support.XmlWebApplicationContext - Refreshing org.springframework.web.context.support.XmlWebApplicationContext@650892: display name [Root WebApplicationContext]; startup date [Wed Jun 08 17:34:57 EDT 2011]; root of context hierarchy
INFO Thread-1 org.springframework.beans.factory.xml.XmlBeanDefinitionReader - Loading XML bean definitions from file [/Users/kalluskydominik/test/war/WEB-INF/classes/applicationContext-hibernate.xml]
INFO Thread-1 org.springframework.beans.factory.xml.XmlBeanDefinitionReader - Loading XML bean definitions from file [/Users/kalluskydominik/test/war/WEB-INF/classes/applicationContext-jdbc.xml]
INFO Thread-1 org.springframework.web.context.support.XmlWebApplicationContext - Bean factory for application context [org.springframework.web.context.support.XmlWebApplicationContext@650892]: org.springframework.beans.factory.support.DefaultListableBeanFactory@18f9b75
INFO Thread-1 org.springframework.beans.factory.config.PropertyPlaceholderConfigurer - Loading properties file from class path resource [square.properties]
INFO Thread-1 org.springframework.beans.factory.support.DefaultListableBeanFactory - Pre-instantiating singletons in org.springframework.beans.factory.support.DefaultListableBeanFactory@18f9b75: defining beans [org.springframework.context.annotation.internalPersistenceAnnotationProcessor,org.springframework.context.annotation.internalCommonAnnotationProcessor,org.springframework.context.annotation.internalAutowiredAnnotationProcessor,org.springframework.context.annotation.internalRequiredAnnotationProcessor,authorizationAspect,exceptionAspect,chooseCaseBusinessImpl,chooseProjectBusinessImpl,exportBusinessImpl,logInBusinessImpl,manageProjectBusinessImpl,manageSiteBusinessImpl,stepBusinessImpl,uploadRequirementsBusinessImpl,agreeOnDefinitionsBusinessImpl,categorizeRequirementsBusinessImpl,collectArtifactsBusinessImpl,elicitationTechniqueBusinessImpl,elicitRequirementsBusinessImpl,identifyGoalsAssetsBusinessImpl,inspectionTechniqueBusinessImpl,prioritizeRequirementBusinessImpl,reviewOfRequirementsByAcquisitionBusinessImpl,riskAssessmentBusinessImpl,hbnArtifactDao,hbnAsquareCaseDao,hbnAssetDao,hbnCategoryDao,hbnGoalDao,hbnInspectionTechniqueDao,hbnProjectDao,hbnProjectStepDao,hbnRequirementDao,hbnRiskDao,hbnRoleDao,hbnStepDao,hbnTechniqueDao,hbnTechniqueEvaluationCriteriaDao,hbnTechniqueEvaluationDao,hbnTermDao,hbnUserAhpDao,hbnUserDao,hbnUserProjectRoleDao,appPropertiesServiceImpl,chooseCaseServiceImpl,chooseProjectServiceImpl,LogInService,manageProjectServiceImpl,manageSiteServiceImpl,stepServiceImpl,agreeOnDefinitionsServiceImpl,categorizeRequirementsServiceImpl,collectArtifactsServiceImpl,elicitationTechniqueServiceImpl,elicitRequirementServiceImpl,identifyGoalsAssetsServiceImpl,inspectionTechniqueServiceImpl,prioritizeRequirementsServiceImpl,reviewOfRequirementsByAcquisitionServiceImpl,riskAssessmentServiceImpl,xmlExportServlet,org.springframework.aop.config.internalAutoProxyCreator,org.springframework.transaction.annotation.AnnotationTransactionAttributeSource#0,org.springframework.transaction.interceptor.TransactionInterceptor#0,org.springframework.transaction.config.internalTransactionAdvisor,transactionManager,sessionFactory,mailSender,resetPasswordTemplateEmail,userCreatedMessage,velocityEngine,org.springframework.beans.factory.config.PropertyPlaceholderConfigurer#0,dataSource]; root of factory hierarchy
INFO Thread-1 org.springframework.jdbc.datasource.DriverManagerDataSource - Loaded JDBC driver: com.mysql.jdbc.Driver
INFO Thread-1 org.springframework.orm.hibernate3.annotation.AnnotationSessionFactoryBean - Building new Hibernate SessionFactory
INFO Thread-1 org.apache.velocity.app.VelocityEngine - LogSystem has been deprecated. Please use a LogChute implementation.
INFO Thread-1 org.springframework.orm.hibernate3.HibernateTransactionManager - Using DataSource [org.springframework.jdbc.datasource.DriverManagerDataSource@e8fdc9] of Hibernate SessionFactory for HibernateTransactionManager
INFO Thread-1 org.springframework.web.context.ContextLoader - Root WebApplicationContext: initialization completed in 16024 ms
INFO btpool0-0 edu.cmu.square.server.remoteService.implementations.SquareRemoteServiceServlet - Session Expired: true
INFO btpool0-0 edu.cmu.square.server.remoteService.implementations.SquareRemoteServiceServlet - Setting project name: 
INFO btpool0-0 edu.cmu.square.server.remoteService.implementations.SquareRemoteServiceServlet - Setting user name: anonymous
INFO btpool0-0 edu.cmu.square.server.remoteService.implementations.SquareRemoteServiceServlet - Session Expired: true
INFO btpool0-0 edu.cmu.square.server.remoteService.implementations.SquareRemoteServiceServlet - Setting project name: 
INFO btpool0-0 edu.cmu.square.server.remoteService.implementations.SquareRemoteServiceServlet - Setting user name: anonymous
INFO btpool0-0 edu.cmu.square.server.remoteService.implementations.SquareRemoteServiceServlet - ----Session Value name: 90e13c48-eeed-4975-9a12-2834fd5693cc
INFO btpool0-0 edu.cmu.square.server.remoteService.implementations.SquareRemoteServiceServlet - ----Session Value name: 90e13c48-eeed-4975-9a12-2834fd5693cc
INFO btpool0-0 edu.cmu.square.server.remoteService.implementations.SquareRemoteServiceServlet - Session Expired: false
INFO btpool0-0 edu.cmu.square.server.remoteService.implementations.SquareRemoteServiceServlet - Setting project name: 
INFO btpool0-0 edu.cmu.square.server.remoteService.implementations.SquareRemoteServiceServlet - Setting user name: admin
INFO btpool0-0 edu.cmu.square.server.authorization.AuthorizationAspect - User name: admin
INFO btpool0-0 edu.cmu.square.server.authorization.AuthorizationAspect - Project name: 
INFO btpool0-0 edu.cmu.square.server.authorization.AuthorizationAspect - allowedRoles: [All]
INFO btpool0-0 edu.cmu.square.server.authorization.AuthorizationAspect - Aspect triggered expired from aspect:false execution(getAsquareCases)
INFO btpool0-0 edu.cmu.square.server.business.implementation.ChooseProjectBusinessImpl - Calling getAsquareCases
INFO btpool0-0 edu.cmu.square.server.remoteService.implementations.SquareRemoteServiceServlet - ----Session Value name: 90e13c48-eeed-4975-9a12-2834fd5693cc
INFO btpool0-0 edu.cmu.square.server.remoteService.implementations.SquareRemoteServiceServlet - ----Session Value name: 90e13c48-eeed-4975-9a12-2834fd5693cc
INFO btpool0-0 edu.cmu.square.server.remoteService.implementations.SquareRemoteServiceServlet - Session Expired: false
INFO btpool0-0 edu.cmu.square.server.remoteService.implementations.SquareRemoteServiceServlet - Setting project name: 
INFO btpool0-0 edu.cmu.square.server.remoteService.implementations.SquareRemoteServiceServlet - Setting user name: admin
INFO btpool0-0 edu.cmu.square.server.authorization.AuthorizationAspect - User name: admin
INFO btpool0-0 edu.cmu.square.server.authorization.AuthorizationAspect - Project name: 
INFO btpool0-0 edu.cmu.square.server.authorization.AuthorizationAspect - allowedRoles: [All]
INFO btpool0-0 edu.cmu.square.server.authorization.AuthorizationAspect - Aspect triggered expired from aspect:false execution(getProjectsForUser)
INFO btpool0-0 edu.cmu.square.server.business.implementation.ChooseProjectBusinessImpl - Calling getProjectsForUser
INFO btpool0-0 edu.cmu.square.server.remoteService.implementations.SquareRemoteServiceServlet - ----Session Value name: 90e13c48-eeed-4975-9a12-2834fd5693cc
INFO btpool0-0 edu.cmu.square.server.remoteService.implementations.SquareRemoteServiceServlet - ----Session Value name: 90e13c48-eeed-4975-9a12-2834fd5693cc
INFO btpool0-0 edu.cmu.square.server.remoteService.implementations.SquareRemoteServiceServlet - Session Expired: false
INFO btpool0-0 edu.cmu.square.server.remoteService.implementations.SquareRemoteServiceServlet - Setting project name: 
INFO btpool0-0 edu.cmu.square.server.remoteService.implementations.SquareRemoteServiceServlet - Setting user name: admin
INFO btpool0-0 edu.cmu.square.server.authorization.AuthorizationAspect - User name: admin
INFO btpool0-0 edu.cmu.square.server.authorization.AuthorizationAspect - Project name: 
INFO btpool0-0 edu.cmu.square.server.authorization.AuthorizationAspect - allowedRoles: [All]
INFO btpool0-0 edu.cmu.square.server.authorization.AuthorizationAspect - Aspect triggered expired from aspect:false execution(getSteps)
INFO btpool0-0 edu.cmu.square.server.remoteService.implementations.SquareRemoteServiceServlet - ----Session Value name: 90e13c48-eeed-4975-9a12-2834fd5693cc
INFO btpool0-0 edu.cmu.square.server.remoteService.implementations.SquareRemoteServiceServlet - ----Session Value name: 90e13c48-eeed-4975-9a12-2834fd5693cc
INFO btpool0-0 edu.cmu.square.server.remoteService.implementations.SquareRemoteServiceServlet - Session Expired: false
INFO btpool0-0 edu.cmu.square.server.remoteService.implementations.SquareRemoteServiceServlet - Setting project name: 
INFO btpool0-0 edu.cmu.square.server.remoteService.implementations.SquareRemoteServiceServlet - Setting user name: admin
INFO btpool0-0 edu.cmu.square.server.authorization.AuthorizationAspect - User name: admin
INFO btpool0-0 edu.cmu.square.server.authorization.AuthorizationAspect - Project name: 
INFO btpool0-0 edu.cmu.square.server.authorization.AuthorizationAspect - allowedRoles: [All]
INFO btpool0-0 edu.cmu.square.server.authorization.AuthorizationAspect - Aspect triggered expired from aspect:false execution(getProject)
INFO btpool0-0 edu.cmu.square.server.authorization.AuthorizationAspect - User name: admin
INFO btpool0-0 edu.cmu.square.server.authorization.AuthorizationAspect - Project name: 
INFO btpool0-0 edu.cmu.square.server.authorization.AuthorizationAspect - allowedRoles: [All]
INFO btpool0-0 edu.cmu.square.server.authorization.AuthorizationAspect - Aspect triggered expired from aspect:false execution(getProject)
INFO btpool0-0 edu.cmu.square.server.remoteService.implementations.SquareRemoteServiceServlet - ----Session Value name: 90e13c48-eeed-4975-9a12-2834fd5693cc
INFO btpool0-0 edu.cmu.square.server.remoteService.implementations.SquareRemoteServiceServlet - ----Session Value name: 90e13c48-eeed-4975-9a12-2834fd5693cc
INFO btpool0-0 edu.cmu.square.server.remoteService.implementations.SquareRemoteServiceServlet - Session Expired: false
INFO btpool0-0 edu.cmu.square.server.remoteService.implementations.SquareRemoteServiceServlet - Setting project name: Demo Project
INFO btpool0-0 edu.cmu.square.server.remoteService.implementations.SquareRemoteServiceServlet - Setting user name: admin
INFO btpool0-0 edu.cmu.square.server.remoteService.implementations.SquareRemoteServiceServlet - ----Session Value name: 90e13c48-eeed-4975-9a12-2834fd5693cc
INFO btpool0-0 edu.cmu.square.server.remoteService.implementations.SquareRemoteServiceServlet - ----Session Value name: 90e13c48-eeed-4975-9a12-2834fd5693cc
INFO btpool0-0 edu.cmu.square.server.remoteService.implementations.SquareRemoteServiceServlet - Session Expired: false
INFO btpool0-0 edu.cmu.square.server.remoteService.implementations.SquareRemoteServiceServlet - Setting project name: Demo Project
INFO btpool0-0 edu.cmu.square.server.remoteService.implementations.SquareRemoteServiceServlet - Setting user name: admin
INFO btpool0-0 edu.cmu.square.server.authorization.AuthorizationAspect - User name: admin
INFO btpool0-0 edu.cmu.square.server.authorization.AuthorizationAspect - Project name: Demo Project
INFO btpool0-0 edu.cmu.square.server.authorization.AuthorizationAspect - allowedRoles: [Administrator, Contractor, Acquisition_Organization_Engineer, Security_Specialist]
INFO btpool0-0 edu.cmu.square.server.authorization.AuthorizationAspect - user roles [Lead Requirements Engineer, Administrator]
INFO btpool0-0 edu.cmu.square.server.authorization.AuthorizationAspect - Aspect triggered expired from aspect:false execution(getTerms)
INFO btpool0-4 edu.cmu.square.server.remoteService.implementations.SquareRemoteServiceServlet - ----Session Value name: 90e13c48-eeed-4975-9a12-2834fd5693cc
INFO btpool0-4 edu.cmu.square.server.remoteService.implementations.SquareRemoteServiceServlet - ----Session Value name: 90e13c48-eeed-4975-9a12-2834fd5693cc
INFO btpool0-4 edu.cmu.square.server.remoteService.implementations.SquareRemoteServiceServlet - Session Expired: false
INFO btpool0-4 edu.cmu.square.server.remoteService.implementations.SquareRemoteServiceServlet - Setting project name: Demo Project
INFO btpool0-4 edu.cmu.square.server.remoteService.implementations.SquareRemoteServiceServlet - Setting user name: admin
INFO btpool0-4 edu.cmu.square.server.remoteService.implementations.SquareRemoteServiceServlet - ----Session Value name: 90e13c48-eeed-4975-9a12-2834fd5693cc
INFO btpool0-4 edu.cmu.square.server.remoteService.implementations.SquareRemoteServiceServlet - ----Session Value name: 90e13c48-eeed-4975-9a12-2834fd5693cc
INFO btpool0-4 edu.cmu.square.server.remoteService.implementations.SquareRemoteServiceServlet - Session Expired: false
INFO btpool0-4 edu.cmu.square.server.remoteService.implementations.SquareRemoteServiceServlet - Setting project name: Demo Project
INFO btpool0-4 edu.cmu.square.server.remoteService.implementations.SquareRemoteServiceServlet - Setting user name: admin
INFO btpool0-4 edu.cmu.square.server.authorization.AuthorizationAspect - User name: admin
INFO btpool0-4 edu.cmu.square.server.authorization.AuthorizationAspect - Project name: Demo Project
INFO btpool0-4 edu.cmu.square.server.authorization.AuthorizationAspect - allowedRoles: [All]
INFO btpool0-4 edu.cmu.square.server.authorization.AuthorizationAspect - Aspect triggered expired from aspect:false execution(getRequirements)
ERROR btpool0-4 edu.cmu.square.server.authorization.ExceptionAspect - Handling serviceException org.hibernate.exception.SQLGrammarException: could not execute query
